INFO:pika.adapters.utils.connection_workflow:Pika version 1.3.1 connecting to ('::1', 5672, 0, 0)
INFO:pika.adapters.utils.io_services_utils:Socket connected: <socket.socket fd=1200, family=AddressFamily.AF_INET6, type=SocketKind.SOCK_STREAM, proto=6, laddr=('::1', 55374, 0, 0), raddr=('::1', 5672, 0, 0)>
INFO:pika.adapters.utils.connection_workflow:Streaming transport linked up: (<pika.adapters.utils.io_services_utils._AsyncPlaintextTransport object at 0x0000022077CDA3B0>, _StreamingProtocolShim: <SelectConnection PROTOCOL transport=<pika.adapters.utils.io_services_utils._AsyncPlaintextTransport object at 0x0000022077CDA3B0> params=<ConnectionParameters host=localhost port=5672 virtual_host=/ ssl=False>>).
INFO:pika.adapters.utils.connection_workflow:AMQPConnector - reporting success: <SelectConnection OPEN transport=<pika.adapters.utils.io_services_utils._AsyncPlaintextTransport object at 0x0000022077CDA3B0> params=<ConnectionParameters host=localhost port=5672 virtual_host=/ ssl=False>>
INFO:pika.adapters.utils.connection_workflow:AMQPConnectionWorkflow - reporting success: <SelectConnection OPEN transport=<pika.adapters.utils.io_services_utils._AsyncPlaintextTransport object at 0x0000022077CDA3B0> params=<ConnectionParameters host=localhost port=5672 virtual_host=/ ssl=False>>
INFO:pika.adapters.blocking_connection:Connection workflow succeeded: <SelectConnection OPEN transport=<pika.adapters.utils.io_services_utils._AsyncPlaintextTransport object at 0x0000022077CDA3B0> params=<ConnectionParameters host=localhost port=5672 virtual_host=/ ssl=False>>
INFO:pika.adapters.blocking_connection:Created channel=1
INFO:root:Inicio Transcrição 52519090.WAV
INFO:root:Fim de Transcrição 52519090.WAV
INFO:root: Olha só! Oi, Filho! Oi, Filho! Tudo bem, não? Tudo! Pega lá, pega lá, pega lá, Raul! Não veio na cerca não, foi? Não, Filho! Não, porque convidou um pouco. Uhum! Eu estou aqui com o pequeno, sobre o que ele queria. Aí, ela me falou que eu não ia. Ei, não, não larga de mim, cara! Está comigo desde a hora que chegou. Me alugou. Está aqui do meu lado, na procura. Ah, entendi. Está certo. Eu não acho que eu posso falar, tem uma panela. Está tudo bem, tudo tranquilo. Agora eu vou levar outra, vou falar melhor. Ele está cantando um parabéns aqui e agora... Está bom. Está bom? Está bom. E o que você falou com o Fernando? Oi? O que você falou com o Fernando? Eu falei com ele mais cedo, antes de eu sair. Está acompanhando tudo? Estou. Lívida? Oi? Está tudo, está meca, está banhado? Estou, estou, estou, estou. O que o nome? Tudo, tudo, só o teste do papel. O problema está aqui. Tudo, tudo certinho. Está bom? Está tudo no papel. Por favor.
INFO:root:Duração do áudio 113.16 seconds 
INFO:root:Tempo de transcrição 261.05149388313293 seconds 
INFO:root:Texto salvo em ./transcricoes/52519090.WAV.txt
INFO:root:Inicio Transcrição 52540736.WAV
INFO:root:Fim de Transcrição 52540736.WAV
INFO:root: Então, filhão, você tinha deixado mais alguma coisa com ele? Tem, mano, tem. Era dois grandes e dois pequenos, entendeu? Tá bom? Tá bom, alô. Valeu.
INFO:root:Duração do áudio 40.74 seconds 
INFO:root:Tempo de transcrição 36.885101318359375 seconds 
INFO:root:Texto salvo em ./transcricoes/52540736.WAV.txt
INFO:root:Inicio Transcrição 52530262.WAV
INFO:root:Fim de Transcrição 52530262.WAV
INFO:root: Oi, pai. Tô a caminho já, viu, pai? Você não chegou ainda? Já, peguei a chave, já. Tô aqui já chegando já, pai. Ô, louco, filho. Eu tô aqui, não chegou, cara. Ô, pô, tô chegando, pai. Cinco minutos pra ir. Cinco minutos? Caralho, tá indo cinco minutos, pai. Pode ter certeza. Eu te pedi talão na volta, não chegou aqui ainda. Eu sei, pai, mas eu tava em casa a hora que você me pediu, pai. Eu vim de lá pra cá, entendeu, pai? Tá chegando, tá chegando. Não, mas tá bom, filho, tá bom. Tá me ajudando. Não tem que... Não tem que chegar, não, pai. Por nada, tá? Pô, obrigado. Tá me ajudando, tem que chegar nesse, obrigado, tá? Eu tô chegando, pai, tá bom, pai?
INFO:root:Duração do áudio 63.06 seconds 
INFO:root:Tempo de transcrição 75.30639457702637 seconds 
INFO:root:Texto salvo em ./transcricoes/52530262.WAV.txt
ERROR:pika.adapters.utils.io_services_utils:Socket EOF; <socket.socket fd=1200, family=AddressFamily.AF_INET6, type=SocketKind.SOCK_STREAM, proto=6, laddr=('::1', 55374, 0, 0), raddr=('::1', 5672, 0, 0)>
ERROR:pika.adapters.base_connection:Transport indicated EOF.
INFO:pika.adapters.utils.io_services_utils:protocol.eof_received() elected to close: <socket.socket fd=1200, family=AddressFamily.AF_INET6, type=SocketKind.SOCK_STREAM, proto=6, laddr=('::1', 55374, 0, 0), raddr=('::1', 5672, 0, 0)>
INFO:pika.adapters.utils.io_services_utils:_AsyncTransportBase._initate_abort(): Initiating abrupt asynchronous transport shutdown: state=1; error=None; <socket.socket fd=1200, family=AddressFamily.AF_INET6, type=SocketKind.SOCK_STREAM, proto=6, laddr=('::1', 55374, 0, 0), raddr=('::1', 5672, 0, 0)>
INFO:pika.adapters.utils.io_services_utils:Deactivating transport: state=1; <socket.socket fd=1200, family=AddressFamily.AF_INET6, type=SocketKind.SOCK_STREAM, proto=6, laddr=('::1', 55374, 0, 0), raddr=('::1', 5672, 0, 0)>
ERROR:pika.adapters.base_connection:connection_lost: StreamLostError: ('Transport indicated EOF',)
INFO:pika.connection:AMQP stack terminated, failed to connect, or aborted: opened=True, error-arg=StreamLostError: ('Transport indicated EOF',); pending-error=None
INFO:pika.connection:Stack terminated due to StreamLostError: ('Transport indicated EOF',)
INFO:pika.adapters.utils.io_services_utils:Closing transport socket and unlinking: state=3; <socket.socket fd=1200, family=AddressFamily.AF_INET6, type=SocketKind.SOCK_STREAM, proto=6, laddr=('::1', 55374, 0, 0), raddr=('::1', 5672, 0, 0)>
ERROR:pika.adapters.blocking_connection:Unexpected connection close detected: StreamLostError: ('Transport indicated EOF',)
INFO:pika.adapters.utils.connection_workflow:Pika version 1.3.1 connecting to ('::1', 5672, 0, 0)
INFO:pika.adapters.utils.io_services_utils:Socket connected: <socket.socket fd=488, family=AddressFamily.AF_INET6, type=SocketKind.SOCK_STREAM, proto=6, laddr=('::1', 56455, 0, 0), raddr=('::1', 5672, 0, 0)>
INFO:pika.adapters.utils.connection_workflow:Streaming transport linked up: (<pika.adapters.utils.io_services_utils._AsyncPlaintextTransport object at 0x00000251143663B0>, _StreamingProtocolShim: <SelectConnection PROTOCOL transport=<pika.adapters.utils.io_services_utils._AsyncPlaintextTransport object at 0x00000251143663B0> params=<ConnectionParameters host=localhost port=5672 virtual_host=/ ssl=False>>).
INFO:pika.adapters.utils.connection_workflow:AMQPConnector - reporting success: <SelectConnection OPEN transport=<pika.adapters.utils.io_services_utils._AsyncPlaintextTransport object at 0x00000251143663B0> params=<ConnectionParameters host=localhost port=5672 virtual_host=/ ssl=False>>
INFO:pika.adapters.utils.connection_workflow:AMQPConnectionWorkflow - reporting success: <SelectConnection OPEN transport=<pika.adapters.utils.io_services_utils._AsyncPlaintextTransport object at 0x00000251143663B0> params=<ConnectionParameters host=localhost port=5672 virtual_host=/ ssl=False>>
INFO:pika.adapters.blocking_connection:Connection workflow succeeded: <SelectConnection OPEN transport=<pika.adapters.utils.io_services_utils._AsyncPlaintextTransport object at 0x00000251143663B0> params=<ConnectionParameters host=localhost port=5672 virtual_host=/ ssl=False>>
INFO:pika.adapters.blocking_connection:Created channel=1
WARNING:pika.channel:Received remote Channel.Close (406): 'PRECONDITION_FAILED - delivery acknowledgement on channel 1 timed out. Timeout value used: 1800000 ms. This timeout value can be configured, see consumers doc guide to learn more' on <Channel number=1 OPEN conn=<SelectConnection OPEN transport=<pika.adapters.utils.io_services_utils._AsyncPlaintextTransport object at 0x00000251143663B0> params=<ConnectionParameters host=localhost port=5672 virtual_host=/ ssl=False>>>
